<?xml version="1.0" encoding="UTF-8"?>
<!-- Generated by org.testng.reporters.JUnitReportReporter -->
<testsuite hostname="EG-PF3ZWBXW" failures="0" tests="1" name="testcases.AddCarttestcases" time="40.077" errors="0" timestamp="2025-04-21T15:15:37 EET" skipped="0">
  <testcase classname="testcases.AddCarttestcases" name="AddCart1" time="40.077"/>
  <system-out/>
</testsuite> <!-- testcases.AddCarttestcases -->
